Running main() from gtest_main.cc
[==========] Running 30 tests from 3 test cases.
[----------] Global test environment set-up.
[----------] 10 tests from DequeTest/0, where TypeParam = std::deque<int, std::allocator<int> >
[ RUN      ] DequeTest/0.iterator_default_constructor_01
[       OK ] DequeTest/0.iterator_default_constructor_01 (31 ms)
[ RUN      ] DequeTest/0.deque_constructor_allocator_01
this->x.size(): 0
this->y.size(): 0
[       OK ] DequeTest/0.deque_constructor_allocator_01 (9 ms)
[ RUN      ] DequeTest/0.deque_begin_01
[       OK ] DequeTest/0.deque_begin_01 (6 ms)
[ RUN      ] DequeTest/0.push_back_01
[       OK ] DequeTest/0.push_back_01 (9 ms)
[ RUN      ] DequeTest/0.push_back_02
[       OK ] DequeTest/0.push_back_02 (4 ms)
[ RUN      ] DequeTest/0.push_back_03
[       OK ] DequeTest/0.push_back_03 (13 ms)
[ RUN      ] DequeTest/0.push_front_01
[       OK ] DequeTest/0.push_front_01 (9 ms)
[ RUN      ] DequeTest/0.push_front_02
[       OK ] DequeTest/0.push_front_02 (4 ms)
[ RUN      ] DequeTest/0.push_front_03
[       OK ] DequeTest/0.push_front_03 (10 ms)
[ RUN      ] DequeTest/0.size_01
[       OK ] DequeTest/0.size_01 (3 ms)
[----------] 10 tests from DequeTest/0 (109 ms total)

[----------] 10 tests from DequeTest/1, where TypeParam = MyDeque<int, std::allocator<int> >
[ RUN      ] DequeTest/1.iterator_default_constructor_01
[       OK ] DequeTest/1.iterator_default_constructor_01 (9 ms)
[ RUN      ] DequeTest/1.deque_constructor_allocator_01
this->x.size(): 0
this->y.size(): 0
[       OK ] DequeTest/1.deque_constructor_allocator_01 (3 ms)
[ RUN      ] DequeTest/1.deque_begin_01
[       OK ] DequeTest/1.deque_begin_01 (7 ms)
[ RUN      ] DequeTest/1.push_back_01
TestDeque.c++:493: Failure
Value of: this->x.front()
  Actual: 0
Expected: 1
[  FAILED  ] DequeTest/1.push_back_01, where TypeParam = MyDeque<int, std::allocator<int> > (36 ms)
[ RUN      ] DequeTest/1.push_back_02
TestDeque.c++:511: Failure
Value of: this->x.front()
  Actual: 0
Expected: -2147483647
[  FAILED  ] DequeTest/1.push_back_02, where TypeParam = MyDeque<int, std::allocator<int> > (7 ms)
[ RUN      ] DequeTest/1.push_back_03
[       OK ] DequeTest/1.push_back_03 (137 ms)
[ RUN      ] DequeTest/1.push_front_01
TestDeque.c++:532: Failure
Value of: this->x.back()
  Actual: 0
Expected: 1
[  FAILED  ] DequeTest/1.push_front_01, where TypeParam = MyDeque<int, std::allocator<int> > (6 ms)
[ RUN      ] DequeTest/1.push_front_02
TestDeque.c++:550: Failure
Value of: this->x.back()
  Actual: 0
Expected: -2147483647
[  FAILED  ] DequeTest/1.push_front_02, where TypeParam = MyDeque<int, std::allocator<int> > (5 ms)
[ RUN      ] DequeTest/1.push_front_03
